This file contains any messages produced by compilers while
running configure, to aid debugging if configure makes a mistake.

It was created by FULL-PACKAGE-NAME configure VERSION, which was
generated by GNU Autoconf 2.68.  Invocation command line was

  $ ./configure 

## --------- ##
## Platform. ##
## --------- ##

hostname = pip
uname -m = x86_64
uname -r = 3.2.0-35-generic
uname -s = Linux
uname -v = #55-Ubuntu SMP Wed Dec 5 17:42:16 UTC 2012

/usr/bin/uname -p = unknown
/bin/uname -X     = unknown

/bin/arch              = unknown
/usr/bin/arch -k       = unknown
/usr/convex/getsysinfo = unknown
/usr/bin/hostinfo      = unknown
/bin/machine           = unknown
/usr/bin/oslevel       = unknown
/bin/universe          = unknown

PATH: /usr/local/bin
PATH: /usr/bin
PATH: /bin
PATH: /usr/games


## ----------- ##
## Core tests. ##
## ----------- ##

configure:2236: checking for a BSD-compatible install
configure:2304: result: /usr/bin/install -c
configure:2315: checking whether build environment is sane
configure:2352: result: yes
configure:2364: checking whether make sets $(MAKE)
configure:2386: result: yes
configure:2416: checking for working aclocal-1.4
configure:2423: result: found
configure:2431: checking for working autoconf
configure:2438: result: found
configure:2446: checking for working automake-1.4
configure:2453: result: found
configure:2461: checking for working autoheader
configure:2468: result: found
configure:2476: checking for working makeinfo
configure:2483: result: found
configure:2552: checking for g++
configure:2568: found /usr/bin/g++
configure:2579: result: g++
configure:2606: checking for C++ compiler version
configure:2615: g++ --version >&5
g++-4.6.real (Ubuntu/Linaro 4.6.3-1ubuntu5) 4.6.3
Copyright (C) 2011 Free Software Foundation, Inc.
This is free software; see the source for copying conditions.  There is NO
warranty; not even for MERCHANTABILITY or FITNESS FOR A PARTICULAR PURPOSE.

configure:2626: $? = 0
configure:2615: g++ -v >&5
Using built-in specs.
COLLECT_GCC=/usr/bin/g++-4.6.real
COLLECT_LTO_WRAPPER=/usr/lib/gcc/x86_64-linux-gnu/4.6/lto-wrapper
Target: x86_64-linux-gnu
Configured with: ../src/configure -v --with-pkgversion='Ubuntu/Linaro 4.6.3-1ubuntu5' --with-bugurl=file:///usr/share/doc/gcc-4.6/README.Bugs --enable-languages=c,c++,fortran,objc,obj-c++ --prefix=/usr --program-suffix=-4.6 --enable-shared --enable-linker-build-id --with-system-zlib --libexecdir=/usr/lib --without-included-gettext --enable-threads=posix --with-gxx-include-dir=/usr/include/c++/4.6 --libdir=/usr/lib --enable-nls --with-sysroot=/ --enable-clocale=gnu --enable-libstdcxx-debug --enable-libstdcxx-time=yes --enable-gnu-unique-object --enable-plugin --enable-objc-gc --disable-werror --with-arch-32=i686 --with-tune=generic --enable-checking=release --build=x86_64-linux-gnu --host=x86_64-linux-gnu --target=x86_64-linux-gnu
Thread model: posix
gcc version 4.6.3 (Ubuntu/Linaro 4.6.3-1ubuntu5) 
configure:2626: $? = 0
configure:2615: g++ -V >&5
g++-4.6.real: error: unrecognized option '-V'
g++-4.6.real: fatal error: no input files
compilation terminated.
configure:2626: $? = 4
configure:2615: g++ -qversion >&5
g++-4.6.real: error: unrecognized option '-qversion'
g++-4.6.real: fatal error: no input files
compilation terminated.
configure:2626: $? = 4
configure:2646: checking whether the C++ compiler works
configure:2668: g++    conftest.cpp  >&5
configure:2672: $? = 0
configure:2720: result: yes
configure:2723: checking for C++ compiler default output file name
configure:2725: result: a.out
configure:2731: checking for suffix of executables
configure:2738: g++ -o conftest    conftest.cpp  >&5
configure:2742: $? = 0
configure:2764: result: 
configure:2786: checking whether we are cross compiling
configure:2794: g++ -o conftest    conftest.cpp  >&5
configure:2798: $? = 0
configure:2805: ./conftest
configure:2809: $? = 0
configure:2824: result: no
configure:2829: checking for suffix of object files
configure:2851: g++ -c   conftest.cpp >&5
configure:2855: $? = 0
configure:2876: result: o
configure:2880: checking whether we are using the GNU C++ compiler
configure:2899: g++ -c   conftest.cpp >&5
configure:2899: $? = 0
configure:2908: result: yes
configure:2917: checking whether g++ accepts -g
configure:2937: g++ -c -g  conftest.cpp >&5
configure:2937: $? = 0
configure:2978: result: yes
configure:3053: checking for gcc
configure:3069: found /usr/bin/gcc
configure:3080: result: gcc
configure:3309: checking for C compiler version
configure:3318: gcc --version >&5
gcc-4.6.real (Ubuntu/Linaro 4.6.3-1ubuntu5) 4.6.3
Copyright (C) 2011 Free Software Foundation, Inc.
This is free software; see the source for copying conditions.  There is NO
warranty; not even for MERCHANTABILITY or FITNESS FOR A PARTICULAR PURPOSE.

configure:3329: $? = 0
configure:3318: gcc -v >&5
Using built-in specs.
COLLECT_GCC=/usr/bin/gcc-4.6.real
COLLECT_LTO_WRAPPER=/usr/lib/gcc/x86_64-linux-gnu/4.6/lto-wrapper
Target: x86_64-linux-gnu
Configured with: ../src/configure -v --with-pkgversion='Ubuntu/Linaro 4.6.3-1ubuntu5' --with-bugurl=file:///usr/share/doc/gcc-4.6/README.Bugs --enable-languages=c,c++,fortran,objc,obj-c++ --prefix=/usr --program-suffix=-4.6 --enable-shared --enable-linker-build-id --with-system-zlib --libexecdir=/usr/lib --without-included-gettext --enable-threads=posix --with-gxx-include-dir=/usr/include/c++/4.6 --libdir=/usr/lib --enable-nls --with-sysroot=/ --enable-clocale=gnu --enable-libstdcxx-debug --enable-libstdcxx-time=yes --enable-gnu-unique-object --enable-plugin --enable-objc-gc --disable-werror --with-arch-32=i686 --with-tune=generic --enable-checking=release --build=x86_64-linux-gnu --host=x86_64-linux-gnu --target=x86_64-linux-gnu
Thread model: posix
gcc version 4.6.3 (Ubuntu/Linaro 4.6.3-1ubuntu5) 
configure:3329: $? = 0
configure:3318: gcc -V >&5
gcc-4.6.real: error: unrecognized option '-V'
gcc-4.6.real: fatal error: no input files
compilation terminated.
configure:3329: $? = 4
configure:3318: gcc -qversion >&5
gcc-4.6.real: error: unrecognized option '-qversion'
gcc-4.6.real: fatal error: no input files
compilation terminated.
configure:3329: $? = 4
configure:3333: checking whether we are using the GNU C compiler
configure:3352: gcc -c   conftest.c >&5
configure:3352: $? = 0
configure:3361: result: yes
configure:3370: checking whether gcc accepts -g
configure:3390: gcc -c -g  conftest.c >&5
configure:3390: $? = 0
configure:3431: result: yes
configure:3448: checking for gcc option to accept ISO C89
configure:3512: gcc  -c -g -O2  conftest.c >&5
configure:3512: $? = 0
configure:3525: result: none needed
configure:3551: checking how to run the C preprocessor
configure:3582: gcc -E  conftest.c
configure:3582: $? = 0
configure:3596: gcc -E  conftest.c
conftest.c:11:28: fatal error: ac_nonexistent.h: No such file or directory
compilation terminated.
configure:3596: $? = 1
configure: failed program was:
| /* confdefs.h */
| #define PACKAGE_NAME "FULL-PACKAGE-NAME"
| #define PACKAGE_TARNAME "full-package-name"
| #define PACKAGE_VERSION "VERSION"
| #define PACKAGE_STRING "FULL-PACKAGE-NAME VERSION"
| #define PACKAGE_BUGREPORT "BUG-REPORT-ADDRESS"
| #define PACKAGE_URL ""
| #define PACKAGE "-Wall"
| #define VERSION ""
| /* end confdefs.h.  */
| #include <ac_nonexistent.h>
configure:3621: result: gcc -E
configure:3641: gcc -E  conftest.c
configure:3641: $? = 0
configure:3655: gcc -E  conftest.c
conftest.c:11:28: fatal error: ac_nonexistent.h: No such file or directory
compilation terminated.
configure:3655: $? = 1
configure: failed program was:
| /* confdefs.h */
| #define PACKAGE_NAME "FULL-PACKAGE-NAME"
| #define PACKAGE_TARNAME "full-package-name"
| #define PACKAGE_VERSION "VERSION"
| #define PACKAGE_STRING "FULL-PACKAGE-NAME VERSION"
| #define PACKAGE_BUGREPORT "BUG-REPORT-ADDRESS"
| #define PACKAGE_URL ""
| #define PACKAGE "-Wall"
| #define VERSION ""
| /* end confdefs.h.  */
| #include <ac_nonexistent.h>
configure:3684: checking for grep that handles long lines and -e
configure:3742: result: /bin/grep
configure:3747: checking for egrep
configure:3809: result: /bin/grep -E
configure:3814: checking for ANSI C header files
configure:3834: gcc -c -g -O2  conftest.c >&5
configure:3834: $? = 0
configure:3907: gcc -o conftest -g -O2   conftest.c  >&5
configure:3907: $? = 0
configure:3907: ./conftest
configure:3907: $? = 0
configure:3918: result: yes
configure:3931: checking for sys/types.h
configure:3931: gcc -c -g -O2  conftest.c >&5
configure:3931: $? = 0
configure:3931: result: yes
configure:3931: checking for sys/stat.h
configure:3931: gcc -c -g -O2  conftest.c >&5
configure:3931: $? = 0
configure:3931: result: yes
configure:3931: checking for stdlib.h
configure:3931: gcc -c -g -O2  conftest.c >&5
configure:3931: $? = 0
configure:3931: result: yes
configure:3931: checking for string.h
configure:3931: gcc -c -g -O2  conftest.c >&5
configure:3931: $? = 0
configure:3931: result: yes
configure:3931: checking for memory.h
configure:3931: gcc -c -g -O2  conftest.c >&5
configure:3931: $? = 0
configure:3931: result: yes
configure:3931: checking for strings.h
configure:3931: gcc -c -g -O2  conftest.c >&5
configure:3931: $? = 0
configure:3931: result: yes
configure:3931: checking for inttypes.h
configure:3931: gcc -c -g -O2  conftest.c >&5
configure:3931: $? = 0
configure:3931: result: yes
configure:3931: checking for stdint.h
configure:3931: gcc -c -g -O2  conftest.c >&5
configure:3931: $? = 0
configure:3931: result: yes
configure:3931: checking for unistd.h
configure:3931: gcc -c -g -O2  conftest.c >&5
configure:3931: $? = 0
configure:3931: result: yes
configure:3945: checking sys/socket.h usability
configure:3945: gcc -c -g -O2  conftest.c >&5
configure:3945: $? = 0
configure:3945: result: yes
configure:3945: checking sys/socket.h presence
configure:3945: gcc -E  conftest.c
configure:3945: $? = 0
configure:3945: result: yes
configure:3945: checking for sys/socket.h
configure:3945: result: yes
configure:3957: checking for size_t
configure:3957: gcc -c -g -O2  conftest.c >&5
configure:3957: $? = 0
configure:3957: gcc -c -g -O2  conftest.c >&5
conftest.c: In function 'main':
conftest.c:58:21: error: expected expression before ')' token
configure:3957: $? = 1
configure: failed program was:
| /* confdefs.h */
| #define PACKAGE_NAME "FULL-PACKAGE-NAME"
| #define PACKAGE_TARNAME "full-package-name"
| #define PACKAGE_VERSION "VERSION"
| #define PACKAGE_STRING "FULL-PACKAGE-NAME VERSION"
| #define PACKAGE_BUGREPORT "BUG-REPORT-ADDRESS"
| #define PACKAGE_URL ""
| #define PACKAGE "-Wall"
| #define VERSION ""
| #define STDC_HEADERS 1
| #define HAVE_SYS_TYPES_H 1
| #define HAVE_SYS_STAT_H 1
| #define HAVE_STDLIB_H 1
| #define HAVE_STRING_H 1
| #define HAVE_MEMORY_H 1
| #define HAVE_STRINGS_H 1
| #define HAVE_INTTYPES_H 1
| #define HAVE_STDINT_H 1
| #define HAVE_UNISTD_H 1
| #define HAVE_SYS_SOCKET_H 1
| /* end confdefs.h.  */
| #include <stdio.h>
| #ifdef HAVE_SYS_TYPES_H
| # include <sys/types.h>
| #endif
| #ifdef HAVE_SYS_STAT_H
| # include <sys/stat.h>
| #endif
| #ifdef STDC_HEADERS
| # include <stdlib.h>
| # include <stddef.h>
| #else
| # ifdef HAVE_STDLIB_H
| #  include <stdlib.h>
| # endif
| #endif
| #ifdef HAVE_STRING_H
| # if !defined STDC_HEADERS && defined HAVE_MEMORY_H
| #  include <memory.h>
| # endif
| # include <string.h>
| #endif
| #ifdef HAVE_STRINGS_H
| # include <strings.h>
| #endif
| #ifdef HAVE_INTTYPES_H
| # include <inttypes.h>
| #endif
| #ifdef HAVE_STDINT_H
| # include <stdint.h>
| #endif
| #ifdef HAVE_UNISTD_H
| # include <unistd.h>
| #endif
| int
| main ()
| {
| if (sizeof ((size_t)))
| 	    return 0;
|   ;
|   return 0;
| }
configure:3957: result: yes
configure:3972: checking for socket
configure:3972: gcc -o conftest -g -O2   conftest.c  >&5
configure:3972: $? = 0
configure:3972: result: yes
configure:4098: creating ./config.status

## ---------------------- ##
## Running config.status. ##
## ---------------------- ##

This file was extended by FULL-PACKAGE-NAME config.status VERSION, which was
generated by GNU Autoconf 2.68.  Invocation command line was

  CONFIG_FILES    = 
  CONFIG_HEADERS  = 
  CONFIG_LINKS    = 
  CONFIG_COMMANDS = 
  $ ./config.status 

on pip

config.status:839: creating src/Makefile
config.status:942: WARNING:  'src/Makefile.in' seems to ignore the --datarootdir setting
config.status:839: creating config.h
config.status:1028: executing default-1 commands

## ---------------- ##
## Cache variables. ##
## ---------------- ##

ac_cv_c_compiler_gnu=yes
ac_cv_cxx_compiler_gnu=yes
ac_cv_env_CCC_set=
ac_cv_env_CCC_value=
ac_cv_env_CC_set=
ac_cv_env_CC_value=
ac_cv_env_CFLAGS_set=
ac_cv_env_CFLAGS_value=
ac_cv_env_CPPFLAGS_set=
ac_cv_env_CPPFLAGS_value=
ac_cv_env_CPP_set=
ac_cv_env_CPP_value=
ac_cv_env_CXXFLAGS_set=
ac_cv_env_CXXFLAGS_value=
ac_cv_env_CXX_set=
ac_cv_env_CXX_value=
ac_cv_env_LDFLAGS_set=
ac_cv_env_LDFLAGS_value=
ac_cv_env_LIBS_set=
ac_cv_env_LIBS_value=
ac_cv_env_build_alias_set=
ac_cv_env_build_alias_value=
ac_cv_env_host_alias_set=
ac_cv_env_host_alias_value=
ac_cv_env_target_alias_set=
ac_cv_env_target_alias_value=
ac_cv_func_socket=yes
ac_cv_header_inttypes_h=yes
ac_cv_header_memory_h=yes
ac_cv_header_stdc=yes
ac_cv_header_stdint_h=yes
ac_cv_header_stdlib_h=yes
ac_cv_header_string_h=yes
ac_cv_header_strings_h=yes
ac_cv_header_sys_socket_h=yes
ac_cv_header_sys_stat_h=yes
ac_cv_header_sys_types_h=yes
ac_cv_header_unistd_h=yes
ac_cv_objext=o
ac_cv_path_EGREP='/bin/grep -E'
ac_cv_path_GREP=/bin/grep
ac_cv_path_install='/usr/bin/install -c'
ac_cv_prog_CPP='gcc -E'
ac_cv_prog_ac_ct_CC=gcc
ac_cv_prog_ac_ct_CXX=g++
ac_cv_prog_cc_c89=
ac_cv_prog_cc_g=yes
ac_cv_prog_cxx_g=yes
ac_cv_prog_make_make_set=yes
ac_cv_type_size_t=yes

## ----------------- ##
## Output variables. ##
## ----------------- ##

ACLOCAL='aclocal-1.4'
AUTOCONF='autoconf'
AUTOHEADER='autoheader'
AUTOMAKE='automake-1.4'
CC='gcc'
CFLAGS='-g -O2'
CPP='gcc -E'
CPPFLAGS=''
CXX='g++'
CXXFLAGS='-g -O2'
DEFS='-DHAVE_CONFIG_H'
ECHO_C=''
ECHO_N='-n'
ECHO_T=''
EGREP='/bin/grep -E'
EXEEXT=''
GREP='/bin/grep'
INSTALL_DATA='${INSTALL} -m 644'
INSTALL_PROGRAM='${INSTALL}'
INSTALL_SCRIPT='${INSTALL}'
LDFLAGS=''
LIBOBJS=''
LIBS=''
LTLIBOBJS=''
MAKEINFO='makeinfo'
OBJEXT='o'
PACKAGE='-Wall'
PACKAGE_BUGREPORT='BUG-REPORT-ADDRESS'
PACKAGE_NAME='FULL-PACKAGE-NAME'
PACKAGE_STRING='FULL-PACKAGE-NAME VERSION'
PACKAGE_TARNAME='full-package-name'
PACKAGE_URL=''
PACKAGE_VERSION='VERSION'
PATH_SEPARATOR=':'
SET_MAKE=''
SHELL='/bin/bash'
VERSION=''
ac_ct_CC='gcc'
ac_ct_CXX='g++'
bindir='${exec_prefix}/bin'
build_alias=''
datadir='${datarootdir}'
datarootdir='${prefix}/share'
docdir='${datarootdir}/doc/${PACKAGE_TARNAME}'
dvidir='${docdir}'
exec_prefix='${prefix}'
host_alias=''
htmldir='${docdir}'
includedir='${prefix}/include'
infodir='${datarootdir}/info'
libdir='${exec_prefix}/lib'
libexecdir='${exec_prefix}/libexec'
localedir='${datarootdir}/locale'
localstatedir='${prefix}/var'
mandir='${datarootdir}/man'
oldincludedir='/usr/include'
pdfdir='${docdir}'
prefix='/usr/local'
program_transform_name='s,x,x,'
psdir='${docdir}'
sbindir='${exec_prefix}/sbin'
sharedstatedir='${prefix}/com'
sysconfdir='${prefix}/etc'
target_alias=''

## ----------- ##
## confdefs.h. ##
## ----------- ##

/* confdefs.h */
#define PACKAGE_NAME "FULL-PACKAGE-NAME"
#define PACKAGE_TARNAME "full-package-name"
#define PACKAGE_VERSION "VERSION"
#define PACKAGE_STRING "FULL-PACKAGE-NAME VERSION"
#define PACKAGE_BUGREPORT "BUG-REPORT-ADDRESS"
#define PACKAGE_URL ""
#define PACKAGE "-Wall"
#define VERSION ""
#define STDC_HEADERS 1
#define HAVE_SYS_TYPES_H 1
#define HAVE_SYS_STAT_H 1
#define HAVE_STDLIB_H 1
#define HAVE_STRING_H 1
#define HAVE_MEMORY_H 1
#define HAVE_STRINGS_H 1
#define HAVE_INTTYPES_H 1
#define HAVE_STDINT_H 1
#define HAVE_UNISTD_H 1
#define HAVE_SYS_SOCKET_H 1
#define HAVE_SOCKET 1

configure: exit 0

## ---------------------- ##
## Running config.status. ##
## ---------------------- ##

This file was extended by FULL-PACKAGE-NAME config.status VERSION, which was
generated by GNU Autoconf 2.68.  Invocation command line was

  CONFIG_FILES    = src/Makefile
  CONFIG_HEADERS  = 
  CONFIG_LINKS    = 
  CONFIG_COMMANDS = 
  $ ./config.status 

on pip

config.status:839: creating src/Makefile
config.status:942: WARNING:  'src/Makefile.in' seems to ignore the --datarootdir setting
config.status:1028: executing default-1 commands

## ---------------------- ##
## Running config.status. ##
## ---------------------- ##

This file was extended by FULL-PACKAGE-NAME config.status VERSION, which was
generated by GNU Autoconf 2.68.  Invocation command line was

  CONFIG_FILES    = src/Makefile
  CONFIG_HEADERS  = 
  CONFIG_LINKS    = 
  CONFIG_COMMANDS = 
  $ ./config.status 

on pip

config.status:839: creating src/Makefile
config.status:942: WARNING:  'src/Makefile.in' seems to ignore the --datarootdir setting
config.status:1028: executing default-1 commands

## ---------------------- ##
## Running config.status. ##
## ---------------------- ##

This file was extended by FULL-PACKAGE-NAME config.status VERSION, which was
generated by GNU Autoconf 2.68.  Invocation command line was

  CONFIG_FILES    = src/Makefile
  CONFIG_HEADERS  = 
  CONFIG_LINKS    = 
  CONFIG_COMMANDS = 
  $ ./config.status 

on pip

config.status:839: creating src/Makefile
config.status:942: WARNING:  'src/Makefile.in' seems to ignore the --datarootdir setting
config.status:1028: executing default-1 commands
